[debug] [2022-07-25T10:25:47.172Z] ----------------------------------------------------------------------
[debug] [2022-07-25T10:25:47.174Z] Command:       /usr/local/bin/firebase /Users/Pat/.cache/firebase/tools/lib/node_modules/firebase-tools/lib/bin/firebase init
[debug] [2022-07-25T10:25:47.175Z] CLI Version:   11.3.0
[debug] [2022-07-25T10:25:47.175Z] Platform:      darwin
[debug] [2022-07-25T10:25:47.175Z] Node Version:  v16.16.0
[debug] [2022-07-25T10:25:47.176Z] Time:          Mon Jul 25 2022 12:25:47 GMT+0200 (GMT+02:00)
[debug] [2022-07-25T10:25:47.177Z] ----------------------------------------------------------------------
[debug] 
[debug] [2022-07-25T10:25:47.281Z] > command requires scopes: ["email","openid","https://www.googleapis.com/auth/cloudplatformprojects.readonly","https://www.googleapis.com/auth/firebase","https://www.googleapis.com/auth/cloud-platform"]
[debug] [2022-07-25T10:25:47.282Z] > authorizing via signed-in user (patheusinger@gmail.com)
[info] 
     ######## #### ########  ######## ########     ###     ######  ########
     ##        ##  ##     ## ##       ##     ##  ##   ##  ##       ##
     ######    ##  ########  ######   ########  #########  ######  ######
     ##        ##  ##    ##  ##       ##     ## ##     ##       ## ##
     ##       #### ##     ## ######## ########  ##     ##  ######  ########

You're about to initialize a Firebase project in this directory:

  /Users/Pat/Developer Akademie /todolist

Before we get started, keep in mind:

  * You are initializing within an existing Firebase project directory

[info] 
=== Project Setup
[info] 
[info] First, let's associate this project directory with a Firebase project.
[info] You can create multiple project aliases by running firebase use --add, 
[info] but for now we'll just set up a default project.
[info] 
[debug] [2022-07-25T10:26:15.621Z] Using project from CLI flag: todo-firebase-heusinger
[debug] [2022-07-25T10:26:15.626Z] >>> [apiv2][query] GET https://firebase.googleapis.com/v1beta1/projects/todo-firebase-heusinger [none]
[debug] [2022-07-25T10:26:15.946Z] <<< [apiv2][status] GET https://firebase.googleapis.com/v1beta1/projects/todo-firebase-heusinger 200
[debug] [2022-07-25T10:26:15.948Z] <<< [apiv2][body] GET https://firebase.googleapis.com/v1beta1/projects/todo-firebase-heusinger {"projectId":"todo-firebase-heusinger","projectNumber":"656541073867","displayName":"Todo-firebase-heusinger","name":"projects/todo-firebase-heusinger","resources":{"hostingSite":"todo-firebase-heusinger","realtimeDatabaseInstance":"todo-firebase-heusinger-default-rtdb","storageBucket":"todo-firebase-heusinger.appspot.com","locationId":"europe-west"},"state":"ACTIVE","etag":"1_4f4283d5-86c3-4470-9842-578e0aa46014"}
[info] i  Using project todo-firebase-heusinger (Todo-firebase-heusinger) 
[info] 
=== Firestore Setup
[debug] [2022-07-25T10:26:15.976Z] >>> [apiv2][query] GET https://serviceusage.googleapis.com/v1/projects/todo-firebase-heusinger/services/firestore.googleapis.com [none]
[debug] [2022-07-25T10:26:16.920Z] <<< [apiv2][status] GET https://serviceusage.googleapis.com/v1/projects/todo-firebase-heusinger/services/firestore.googleapis.com 200
[debug] [2022-07-25T10:26:16.921Z] <<< [apiv2][body] GET https://serviceusage.googleapis.com/v1/projects/todo-firebase-heusinger/services/firestore.googleapis.com [omitted]
[debug] [2022-07-25T10:26:16.922Z] >>> [apiv2][query] GET https://appengine.googleapis.com/v1/apps/todo-firebase-heusinger [none]
[debug] [2022-07-25T10:26:17.180Z] <<< [apiv2][status] GET https://appengine.googleapis.com/v1/apps/todo-firebase-heusinger 200
[debug] [2022-07-25T10:26:17.181Z] <<< [apiv2][body] GET https://appengine.googleapis.com/v1/apps/todo-firebase-heusinger {"name":"apps/todo-firebase-heusinger","id":"todo-firebase-heusinger","authDomain":"gmail.com","locationId":"europe-west","codeBucket":"staging.todo-firebase-heusinger.appspot.com","servingStatus":"SERVING","defaultHostname":"todo-firebase-heusinger.ew.r.appspot.com","defaultBucket":"todo-firebase-heusinger.appspot.com","serviceAccount":"todo-firebase-heusinger@appspot.gserviceaccount.com","gcrDomain":"eu.gcr.io","databaseType":"CLOUD_FIRESTORE","featureSettings":{"splitHealthChecks":true,"useContainerOptimizedOs":true}}
[debug] [2022-07-25T10:26:17.181Z] database_type: CLOUD_FIRESTORE
[debug] [2022-07-25T10:26:17.181Z] > command requires scopes: ["email","openid","https://www.googleapis.com/auth/cloudplatformprojects.readonly","https://www.googleapis.com/auth/firebase","https://www.googleapis.com/auth/cloud-platform"]
[debug] [2022-07-25T10:26:17.182Z] > authorizing via signed-in user (patheusinger@gmail.com)
[debug] [2022-07-25T10:26:17.182Z] [iam] checking project todo-firebase-heusinger for permissions ["firebase.projects.get"]
[debug] [2022-07-25T10:26:17.183Z] >>> [apiv2][query] POST https://cloudresourcemanager.googleapis.com/v1/projects/todo-firebase-heusinger:testIamPermissions [none]
[debug] [2022-07-25T10:26:17.183Z] >>> [apiv2][body] POST https://cloudresourcemanager.googleapis.com/v1/projects/todo-firebase-heusinger:testIamPermissions {"permissions":["firebase.projects.get"]}
[debug] [2022-07-25T10:26:18.008Z] <<< [apiv2][status] POST https://cloudresourcemanager.googleapis.com/v1/projects/todo-firebase-heusinger:testIamPermissions 200
[debug] [2022-07-25T10:26:18.009Z] <<< [apiv2][body] POST https://cloudresourcemanager.googleapis.com/v1/projects/todo-firebase-heusinger:testIamPermissions {"permissions":["firebase.projects.get"]}
[info] 
[info] Firestore Security Rules allow you to define how and when to allow
[info] requests. You can keep these rules in your project directory
[info] and publish them with firebase deploy.
[info] 
[debug] [2022-07-25T10:26:20.530Z] >>> [apiv2][query] GET https://firebaserules.googleapis.com/v1/projects/todo-firebase-heusinger/releases pageSize=10&pageToken=
[debug] [2022-07-25T10:26:21.360Z] <<< [apiv2][status] GET https://firebaserules.googleapis.com/v1/projects/todo-firebase-heusinger/releases 200
[debug] [2022-07-25T10:26:21.361Z] <<< [apiv2][body] GET https://firebaserules.googleapis.com/v1/projects/todo-firebase-heusinger/releases {"releases":[{"name":"projects/todo-firebase-heusinger/releases/cloud.firestore","rulesetName":"projects/todo-firebase-heusinger/rulesets/2bef629f-713c-48e9-a786-4a6637f1a8f3","createTime":"2022-07-25T08:48:16.314126Z","updateTime":"2022-07-25T08:48:16.314126Z"}]}
[debug] [2022-07-25T10:26:21.361Z] Found ruleset: projects/todo-firebase-heusinger/rulesets/2bef629f-713c-48e9-a786-4a6637f1a8f3
[debug] [2022-07-25T10:26:21.363Z] >>> [apiv2][query] GET https://firebaserules.googleapis.com/v1/projects/todo-firebase-heusinger/rulesets/2bef629f-713c-48e9-a786-4a6637f1a8f3 [none]
[debug] [2022-07-25T10:26:22.155Z] <<< [apiv2][status] GET https://firebaserules.googleapis.com/v1/projects/todo-firebase-heusinger/rulesets/2bef629f-713c-48e9-a786-4a6637f1a8f3 200
[debug] [2022-07-25T10:26:22.156Z] <<< [apiv2][body] GET https://firebaserules.googleapis.com/v1/projects/todo-firebase-heusinger/rulesets/2bef629f-713c-48e9-a786-4a6637f1a8f3 [omitted]
[info] 
[info] Firestore indexes allow you to perform complex queries while
[info] maintaining performance that scales with the size of the result
[info] set. You can keep index definitions in your project directory
[info] and publish them with firebase deploy.
[info] 
[debug] [2022-07-25T10:26:24.539Z] >>> [apiv2][query] GET https://firestore.googleapis.com/v1/projects/todo-firebase-heusinger/databases/(default)/collectionGroups/-/indexes [none]
[debug] [2022-07-25T10:26:24.552Z] >>> [apiv2][query] GET https://firestore.googleapis.com/v1/projects/todo-firebase-heusinger/databases/(default)/collectionGroups/-/fields?filter=indexConfig.usesAncestorConfig=false [none]
[debug] [2022-07-25T10:26:24.782Z] <<< [apiv2][status] GET https://firestore.googleapis.com/v1/projects/todo-firebase-heusinger/databases/(default)/collectionGroups/-/fields?filter=indexConfig.usesAncestorConfig=false 200
[debug] [2022-07-25T10:26:24.785Z] <<< [apiv2][body] GET https://firestore.googleapis.com/v1/projects/todo-firebase-heusinger/databases/(default)/collectionGroups/-/fields?filter=indexConfig.usesAncestorConfig=false {"fields":[{"name":"projects/todo-firebase-heusinger/databases/(default)/collectionGroups/__default__/fields/*","indexConfig":{"indexes":[{"queryScope":"COLLECTION","fields":[{"fieldPath":"*","order":"ASCENDING"}],"state":"READY"},{"queryScope":"COLLECTION","fields":[{"fieldPath":"*","order":"DESCENDING"}],"state":"READY"},{"queryScope":"COLLECTION","fields":[{"fieldPath":"*","arrayConfig":"CONTAINS"}],"state":"READY"}]}}]}
[debug] [2022-07-25T10:26:24.786Z] <<< [apiv2][status] GET https://firestore.googleapis.com/v1/projects/todo-firebase-heusinger/databases/(default)/collectionGroups/-/indexes 200
[debug] [2022-07-25T10:26:24.786Z] <<< [apiv2][body] GET https://firestore.googleapis.com/v1/projects/todo-firebase-heusinger/databases/(default)/collectionGroups/-/indexes {}
[info] 
=== Hosting Setup
[info] 
[info] Your public directory is the folder (relative to your project directory) that
[info] will contain Hosting assets to be uploaded with firebase deploy. If you
[info] have a build process for your assets, use your build's output directory.
[info] 
[debug] [2022-07-25T10:26:31.985Z] >>> [apiv2][query] GET https://www.gstatic.com/firebasejs/releases.json [none]
[debug] [2022-07-25T10:26:32.130Z] <<< [apiv2][status] GET https://www.gstatic.com/firebasejs/releases.json 200
[debug] [2022-07-25T10:26:32.130Z] <<< [apiv2][body] GET https://www.gstatic.com/firebasejs/releases.json {"current":{"version":"9.9.1","browserURL":"https://www.gstatic.com/firebasejs/9.9.1/firebase.js","packageURL":"https://www.gstatic.com/firebasejs/9.9.1/firebase.tgz"},"live":{"version":"9.9","browserURL":"https://www.gstatic.com/firebasejs/live/9.9/firebase.js","packageURL":"https://www.gstatic.com/firebasejs/live/9.9/firebase.tgz"},"components":{"analytics":"https://www.gstatic.com/firebasejs/9.9.1/firebase-analytics.js","app":"https://www.gstatic.com/firebasejs/9.9.1/firebase-app.js","app-check":"https://www.gstatic.com/firebasejs/9.9.1/firebase-app-check.js","auth":"https://www.gstatic.com/firebasejs/9.9.1/firebase-auth.js","auth/cordova":"https://www.gstatic.com/firebasejs/9.9.1/firebase-auth/cordova.js","auth/react-native":"https://www.gstatic.com/firebasejs/9.9.1/firebase-auth/react-native.js","functions":"https://www.gstatic.com/firebasejs/9.9.1/firebase-functions.js","firestore":"https://www.gstatic.com/firebasejs/9.9.1/firebase-firestore.js","firestore/lite":"https://www.gstatic.com/firebasejs/9.9.1/firebase-firestore/lite.js","installations":"https://www.gstatic.com/firebasejs/9.9.1/firebase-installations.js","storage":"https://www.gstatic.com/firebasejs/9.9.1/firebase-storage.js","performance":"https://www.gstatic.com/firebasejs/9.9.1/firebase-performance.js","remote-config":"https://www.gstatic.com/firebasejs/9.9.1/firebase-remote-config.js","messaging":"https://www.gstatic.com/firebasejs/9.9.1/firebase-messaging.js","messaging/sw":"https://www.gstatic.com/firebasejs/9.9.1/firebase-messaging/sw.js","database":"https://www.gstatic.com/firebasejs/9.9.1/firebase-database.js","firestore.memory":"https://www.gstatic.com/firebasejs/9.9.1/firebase-firestore.memory.js"}}
[info] ✔  Wrote public/index.html 
[info] 
[info] i  Detected a .git folder at /Users/Pat/Developer Akademie /todolist 
[info] i  Authorizing with GitHub to upload your service account to a GitHub repository's secrets store. 
[info] 
[info] Visit this URL on this device to log in:
[info] https://github.com/login/oauth/authorize?client_id=89cf50f02ac6aaed3484&state=789898283&redirect_uri=http%3A%2F%2Flocalhost%3A9005&scope=read%3Auser%20repo%20public_repo
[info] 
[info] Waiting for authentication...
[debug] [2022-07-25T10:26:41.342Z] >>> [apiv2][query] POST https://github.com/login/oauth/access_token [none]
[debug] [2022-07-25T10:26:41.344Z] >>> [apiv2][body] POST https://github.com/login/oauth/access_token [stream]
[debug] [2022-07-25T10:26:41.688Z] <<< [apiv2][status] POST https://github.com/login/oauth/access_token 200
[debug] [2022-07-25T10:26:41.689Z] <<< [apiv2][body] POST https://github.com/login/oauth/access_token {"access_token":"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","token_type":"bearer","scope":"read:user,repo"}
[debug] [2022-07-25T10:26:41.716Z] >>> [apiv2][query] GET https://api.github.com/user [none]
[debug] [2022-07-25T10:26:41.992Z] <<< [apiv2][status] GET https://api.github.com/user 200
[debug] [2022-07-25T10:26:41.994Z] <<< [apiv2][body] GET https://api.github.com/user {"login":"PatrickHeusinger","id":92826589,"node_id":"U_kgDOBYhr3Q","avatar_url":"https://avatars.githubusercontent.com/u/92826589?v=4","gravatar_id":"","url":"https://api.github.com/users/PatrickHeusinger","html_url":"https://github.com/PatrickHeusinger","followers_url":"https://api.github.com/users/PatrickHeusinger/followers","following_url":"https://api.github.com/users/PatrickHeusinger/following{/other_user}","gists_url":"https://api.github.com/users/PatrickHeusinger/gists{/gist_id}","starred_url":"https://api.github.com/users/PatrickHeusinger/starred{/owner}{/repo}","subscriptions_url":"https://api.github.com/users/PatrickHeusinger/subscriptions","organizations_url":"https://api.github.com/users/PatrickHeusinger/orgs","repos_url":"https://api.github.com/users/PatrickHeusinger/repos","events_url":"https://api.github.com/users/PatrickHeusinger/events{/privacy}","received_events_url":"https://api.github.com/users/PatrickHeusinger/received_events","type":"User","site_admin":false,"name":"Patrick Heusinger","company":null,"blog":"","location":"Frankfurt am Main ","email":null,"hireable":null,"bio":null,"twitter_username":null,"public_repos":18,"public_gists":0,"followers":6,"following":5,"created_at":"2021-10-19T20:57:59Z","updated_at":"2022-07-19T11:39:50Z","private_gists":0,"total_private_repos":0,"owned_private_repos":0,"disk_usage":115696,"collaborators":0,"two_factor_authentication":false,"plan":{"name":"free","space":976562499,"collaborators":0,"private_repos":10000}}
[info] 
[info] ✔  Success! Logged into GitHub as PatrickHeusinger 
[info] 
[debug] [2022-07-25T10:27:15.344Z] >>> [apiv2][query] GET https://api.github.com/repos//actions/secrets/public-key type=owner
[debug] [2022-07-25T10:27:15.531Z] <<< [apiv2][status] GET https://api.github.com/repos//actions/secrets/public-key 404
[debug] [2022-07-25T10:27:15.532Z] <<< [apiv2][body] GET https://api.github.com/repos//actions/secrets/public-key {"message":"Not Found","documentation_url":"https://docs.github.com/rest"}
[debug] [2022-07-25T10:27:17.024Z] >>> [apiv2][query] GET https://api.github.com/repos//actions/secrets/public-key type=owner
[debug] [2022-07-25T10:27:17.251Z] <<< [apiv2][status] GET https://api.github.com/repos//actions/secrets/public-key 404
[debug] [2022-07-25T10:27:17.256Z] <<< [apiv2][body] GET https://api.github.com/repos//actions/secrets/public-key {"message":"Not Found","documentation_url":"https://docs.github.com/rest"}
[debug] [2022-07-25T10:27:17.736Z] >>> [apiv2][query] GET https://api.github.com/repos//actions/secrets/public-key type=owner
[debug] [2022-07-25T10:27:17.905Z] >>> [apiv2][query] GET https://api.github.com/repos//actions/secrets/public-key type=owner
[debug] [2022-07-25T10:27:17.942Z] <<< [apiv2][status] GET https://api.github.com/repos//actions/secrets/public-key 404
[debug] [2022-07-25T10:27:17.942Z] <<< [apiv2][body] GET https://api.github.com/repos//actions/secrets/public-key {"message":"Not Found","documentation_url":"https://docs.github.com/rest"}
[debug] [2022-07-25T10:27:18.075Z] >>> [apiv2][query] GET https://api.github.com/repos//actions/secrets/public-key type=owner
[debug] [2022-07-25T10:27:18.094Z] <<< [apiv2][status] GET https://api.github.com/repos//actions/secrets/public-key 404
[debug] [2022-07-25T10:27:18.095Z] <<< [apiv2][body] GET https://api.github.com/repos//actions/secrets/public-key {"message":"Not Found","documentation_url":"https://docs.github.com/rest"}
[debug] [2022-07-25T10:27:18.245Z] >>> [apiv2][query] GET https://api.github.com/repos//actions/secrets/public-key type=owner
[debug] [2022-07-25T10:27:18.265Z] <<< [apiv2][status] GET https://api.github.com/repos//actions/secrets/public-key 404
[debug] [2022-07-25T10:27:18.265Z] <<< [apiv2][body] GET https://api.github.com/repos//actions/secrets/public-key {"message":"Not Found","documentation_url":"https://docs.github.com/rest"}
[debug] [2022-07-25T10:27:18.410Z] >>> [apiv2][query] GET https://api.github.com/repos//actions/secrets/public-key type=owner
[debug] [2022-07-25T10:27:18.438Z] <<< [apiv2][status] GET https://api.github.com/repos//actions/secrets/public-key 404
[debug] [2022-07-25T10:27:18.438Z] <<< [apiv2][body] GET https://api.github.com/repos//actions/secrets/public-key {"message":"Not Found","documentation_url":"https://docs.github.com/rest"}
[debug] [2022-07-25T10:27:18.558Z] >>> [apiv2][query] GET https://api.github.com/repos//actions/secrets/public-key type=owner
[debug] [2022-07-25T10:27:18.592Z] <<< [apiv2][status] GET https://api.github.com/repos//actions/secrets/public-key 404
[debug] [2022-07-25T10:27:18.592Z] <<< [apiv2][body] GET https://api.github.com/repos//actions/secrets/public-key {"message":"Not Found","documentation_url":"https://docs.github.com/rest"}
[debug] [2022-07-25T10:27:18.711Z] >>> [apiv2][query] GET https://api.github.com/repos//actions/secrets/public-key type=owner
[debug] [2022-07-25T10:27:18.756Z] <<< [apiv2][status] GET https://api.github.com/repos//actions/secrets/public-key 404
[debug] [2022-07-25T10:27:18.757Z] <<< [apiv2][body] GET https://api.github.com/repos//actions/secrets/public-key {"message":"Not Found","documentation_url":"https://docs.github.com/rest"}
[debug] [2022-07-25T10:27:18.858Z] >>> [apiv2][query] GET https://api.github.com/repos//actions/secrets/public-key type=owner
[debug] [2022-07-25T10:27:18.914Z] <<< [apiv2][status] GET https://api.github.com/repos//actions/secrets/public-key 404
[debug] [2022-07-25T10:27:18.914Z] <<< [apiv2][body] GET https://api.github.com/repos//actions/secrets/public-key {"message":"Not Found","documentation_url":"https://docs.github.com/rest"}
[debug] [2022-07-25T10:27:19.054Z] <<< [apiv2][status] GET https://api.github.com/repos//actions/secrets/public-key 404
[debug] [2022-07-25T10:27:19.054Z] <<< [apiv2][body] GET https://api.github.com/repos//actions/secrets/public-key {"message":"Not Found","documentation_url":"https://docs.github.com/rest"}
[debug] [2022-07-25T10:27:35.020Z] ----------------------------------------------------------------------
[debug] [2022-07-25T10:27:35.021Z] Command:       /usr/local/bin/firebase /Users/Pat/.cache/firebase/tools/lib/node_modules/firebase-tools/lib/bin/firebase init
[debug] [2022-07-25T10:27:35.022Z] CLI Version:   11.3.0
[debug] [2022-07-25T10:27:35.022Z] Platform:      darwin
[debug] [2022-07-25T10:27:35.022Z] Node Version:  v16.16.0
[debug] [2022-07-25T10:27:35.023Z] Time:          Mon Jul 25 2022 12:27:35 GMT+0200 (GMT+02:00)
[debug] [2022-07-25T10:27:35.024Z] ----------------------------------------------------------------------
[debug] 
[debug] [2022-07-25T10:27:35.126Z] > command requires scopes: ["email","openid","https://www.googleapis.com/auth/cloudplatformprojects.readonly","https://www.googleapis.com/auth/firebase","https://www.googleapis.com/auth/cloud-platform"]
[debug] [2022-07-25T10:27:35.127Z] > authorizing via signed-in user (patheusinger@gmail.com)
[info] 
     ######## #### ########  ######## ########     ###     ######  ########
     ##        ##  ##     ## ##       ##     ##  ##   ##  ##       ##
     ######    ##  ########  ######   ########  #########  ######  ######
     ##        ##  ##    ##  ##       ##     ## ##     ##       ## ##
     ##       #### ##     ## ######## ########  ##     ##  ######  ########

You're about to initialize a Firebase project in this directory:

  /Users/Pat/Developer Akademie /todolist

Before we get started, keep in mind:

  * You are initializing within an existing Firebase project directory

